17:28:06 - INFO - STARTED: result | Args: [] | Kwargs: []
17:28:06 - INFO - STARTED: choose_dataset | Args: [] | Kwargs: []
17:28:08 - INFO - Score  Hours
17:28:08 - INFO - 0     59.61   10.3
17:28:08 - INFO - 1     74.00   27.1
17:28:08 - INFO - 2     63.85   12.4
17:28:08 - INFO - 3     44.44   25.5
17:28:08 - INFO - 4     61.77   13.3
17:28:08 - INFO - ...     ...    ...
17:28:08 - INFO - 4995  45.63    7.8
17:28:08 - INFO - 4996  47.42   24.2
17:28:08 - INFO - 4997  65.83    7.6
17:28:08 - INFO - 4998  57.45   14.5
17:28:08 - INFO - 4999  88.42   29.9
17:28:08 - INFO - [5000 rows x 2 columns]
17:28:08 - INFO - FINISHED: choose_dataset | Duration: 2.0592s | Output: tuple(<Series shape=(5000,)>, <Series shape=(5000,)>, 'Hours', 'Score', <DataFrame shape=(5000, 2)>)
17:28:08 - INFO - STARTED: train_regression | Args: ['<Series shape=(5000,)>', '<Series shape=(5000,)>'] | Kwargs: ['lr=0.1']
17:28:08 - INFO - FINISHED: train_regression | Duration: 0.0420s | Output: tuple(np.float64(0.004644911549128608), np.float64(-3.2159164220502155e-16), np.float64(0.004644911549128606), np.float64(0.7426360841829016), np.float64(0.014144812308597042), <list len=156>, <list len=156>, <list len=156>)
17:28:08 - INFO - STARTED: train_regression | Args: ['<Series shape=(5000,)>', '<Series shape=(5000,)>'] | Kwargs: ['lr=0.01']
17:28:08 - INFO - FINISHED: train_regression | Duration: 0.0420s | Output: tuple(np.float64(0.0044460632932132125), np.float64(-3.0705393783136986e-16), np.float64(0.004644911549128606), np.float64(0.7532875964519588), np.float64(0.014144812599778983), <list len=156>, <list len=156>, <list len=156>)
17:28:08 - INFO - STARTED: train_regression | Args: ['<Series shape=(5000,)>', '<Series shape=(5000,)>'] | Kwargs: ['lr=0.001']
17:28:08 - INFO - FINISHED: train_regression | Duration: 0.0415s | Output: tuple(np.float64(0.0012457716175253723), np.float64(-8.575113952247194e-17), np.float64(0.004644911549128606), np.float64(0.9298228396222088), np.float64(0.014144894353566969), <list len=156>, <list len=156>, <list len=156>)
17:28:08 - INFO - STARTED: train_regression | Args: ['<Series shape=(5000,)>', '<Series shape=(5000,)>'] | Kwargs: ['lr=0.0001']
17:28:08 - INFO - FINISHED: train_regression | Duration: 0.0411s | Output: tuple(np.float64(0.00014266974803169274), np.float64(-9.818990065468822e-18), np.float64(0.004644911549128606), np.float64(0.991952865230445), np.float64(0.014144955727268095), <list len=156>, <list len=156>, <list len=156>)
17:28:08 - INFO - Best lr= 0.1
17:28:08 - INFO - STARTED: train_regression | Args: ['<Series shape=(5000,)>', '<Series shape=(5000,)>', '0.1'] | Kwargs: []
17:28:08 - INFO - FINISHED: train_regression | Duration: 0.0413s | Output: tuple(np.float64(0.004644911549128608), np.float64(-3.2159164220502155e-16), np.float64(0.004644911549128606), np.float64(0.7426360841829016), np.float64(0.014144812308597042), <list len=156>, <list len=156>, <list len=156>)
17:28:13 - INFO - MSE= 292.65287328982896
17:28:13 - INFO - RMSE= 17.107100084170575
17:28:13 - INFO - Correlation= 0.004644911549128606
17:28:13 - INFO - No statistically significant linear relationship
17:28:13 - INFO - p-value= 0.7426360841829016
17:28:19 - INFO - FINISHED: result | Duration: 13.3766s | Output: None
