1
[04:56:44]       study_hours  grade
[04:56:44] 0            9.15  91.91
[04:56:44] 1            9.37  86.81
[04:56:44] 2            2.86  53.39
[04:56:44] 3            8.30  85.52
[04:56:44] 4            6.42  77.98
[04:56:44] ...           ...    ...
[04:56:44] 4995         4.89  58.91
[04:56:44] 4996         4.43  65.22
[04:56:44] 4997         9.91  81.11
[04:56:44] 4998         6.91  73.79
[04:56:44] 4999         0.54  55.08

[04:56:44] [5000 rows x 2 columns]
[04:56:44] Best lr= 0.1
[04:56:49] MSE= 98.8873836451361
[04:56:49] RMSE= 9.94421357600168
[04:56:49] Correlation= 0.8262974416640296
[04:56:49] Slope is statistically significant
[04:56:49] p-value= 0.0
