1
[06:00:05]       study_hours  grade
[06:00:05] 0            9.15  91.91
[06:00:05] 1            9.37  86.81
[06:00:05] 2            2.86  53.39
[06:00:05] 3            8.30  85.52
[06:00:05] 4            6.42  77.98
[06:00:05] ...           ...    ...
[06:00:05] 4995         4.89  58.91
[06:00:05] 4996         4.43  65.22
[06:00:05] 4997         9.91  81.11
[06:00:05] 4998         6.91  73.79
[06:00:05] 4999         0.54  55.08

[06:00:05] [5000 rows x 2 columns]
[06:00:06] Best lr= 0.1
[06:00:11] MSE= 98.8873836451361
[06:00:11] RMSE= 9.94421357600168
[06:00:11] Correlation= 0.8262974416640296
[06:00:11] Slope is statistically significant
[06:00:11] p-value= 0.0
