1
[06:02:51]       study_hours  grade
[06:02:51] 0            9.15  91.91
[06:02:51] 1            9.37  86.81
[06:02:51] 2            2.86  53.39
[06:02:51] 3            8.30  85.52
[06:02:51] 4            6.42  77.98
[06:02:51] ...           ...    ...
[06:02:51] 4995         4.89  58.91
[06:02:51] 4996         4.43  65.22
[06:02:51] 4997         9.91  81.11
[06:02:51] 4998         6.91  73.79
[06:02:51] 4999         0.54  55.08

[06:02:51] [5000 rows x 2 columns]
[06:02:51] Best lr= 0.1
[06:02:52] MSE= 98.8873836451361
[06:02:52] RMSE= 9.94421357600168
[06:02:52] Correlation= 0.8262974416640296
[06:02:52] Slope is statistically significant
[06:02:52] p-value= 0.0
