2
[09:28:08]       Score  Hours
[09:28:08] 0     59.61   10.3
[09:28:08] 1     74.00   27.1
[09:28:08] 2     63.85   12.4
[09:28:08] 3     44.44   25.5
[09:28:08] 4     61.77   13.3
[09:28:08] ...     ...    ...
[09:28:08] 4995  45.63    7.8
[09:28:08] 4996  47.42   24.2
[09:28:08] 4997  65.83    7.6
[09:28:08] 4998  57.45   14.5
[09:28:08] 4999  88.42   29.9

[09:28:08] [5000 rows x 2 columns]
[09:28:08] Best lr= 0.1
[09:28:15] MSE= 292.65287328982896
[09:28:15] RMSE= 17.107100084170575
[09:28:15] Correlation= 0.004644911549128606
[09:28:15] No statistically significant linear relationship
[09:28:15] p-value= 0.7426360841829016
